<?xml version="1.0" encoding="UTF-8"?>
<!-- Generated by org.testng.reporters.JUnitReportReporter -->
<testsuite hostname="Ramachandran_C" failures="0" tests="1" name="openCartShop.LoginPage" time="13.548" errors="0" timestamp="2024-02-10T17:42:48 IST" skipped="0">
  <testcase classname="openCartShop.LoginPage" name="setup" time="13.548"/>
  <system-out/>
</testsuite> <!-- openCartShop.LoginPage -->
