<?xml version="1.0" encoding="UTF-8"?>
<!-- Generated by org.testng.reporters.JUnitReportReporter -->
<testsuite hostname="Ramachandran_C" failures="0" tests="1" name="onlineShop.LoginPage" time="11.750" errors="0" timestamp="2024-02-19T13:19:32 IST" skipped="0">
  <testcase classname="onlineShop.LoginPage" name="setup" time="11.750"/>
  <system-out/>
</testsuite> <!-- onlineShop.LoginPage -->
